<?xml version="1.0" encoding="UTF-8"?>
<testng-results ignored="0" total="1" passed="1" failed="0" skipped="0">
  <reporter-output>
  </reporter-output>
  <suite started-at="2024-01-08T14:15:57 IST" name="Default suite" finished-at="2024-01-08T14:15:58 IST" duration-ms="538">
    <groups>
    </groups>
    <test started-at="2024-01-08T14:15:57 IST" name="Default test" finished-at="2024-01-08T14:15:58 IST" duration-ms="538">
      <class name="Sausedemo.CapstoneSause.Tc_Negitive_Login">
        <test-method is-config="true" signature="setup()[pri:0, instance:Sausedemo.CapstoneSause.Tc_Negitive_Login@6f10d5b6]" started-at="2024-01-08T14:15:53 IST" name="setup" finished-at="2024-01-08T14:15:57 IST" duration-ms="4071" status="PASS">
          <reporter-output>
          </reporter-output>
        </test-method> <!-- setup -->
        <test-method signature="Negitive_Test()[pri:0, instance:Sausedemo.CapstoneSause.Tc_Negitive_Login@6f10d5b6]" started-at="2024-01-08T14:15:57 IST" name="Negitive_Test" finished-at="2024-01-08T14:15:58 IST" duration-ms="479" status="PASS">
          <reporter-output>
          </reporter-output>
        </test-method> <!-- Negitive_Test -->
        <test-method is-config="true" signature="teardown()[pri:0, instance:Sausedemo.CapstoneSause.Tc_Negitive_Login@6f10d5b6]" started-at="2024-01-08T14:15:58 IST" name="teardown" finished-at="2024-01-08T14:15:58 IST" duration-ms="0" status="PASS">
          <reporter-output>
          </reporter-output>
        </test-method> <!-- teardown -->
      </class> <!-- Sausedemo.CapstoneSause.Tc_Negitive_Login -->
    </test> <!-- Default test -->
  </suite> <!-- Default suite -->
</testng-results>
